[INFO] Scanning for projects...
[INFO]                                                                         
[INFO] ------------------------------------------------------------------------
[INFO] Building LikeRestServices 1.0-SNAPSHOT
[INFO] ------------------------------------------------------------------------
[INFO] 
[INFO] >>> spring-boot-maven-plugin:1.5.3.RELEASE:run (default-cli) > test-compile @ likeRestServices >>>
[INFO] 
[INFO] --- maven-resources-plugin:2.6:resources (default-resources) @ likeRestServices ---
[INFO] Using 'UTF-8' encoding to copy filtered resources.
[INFO] skip non existing resourceDirectory /home/soul/bootcamp/Review Release_1.3.0/clone/liketable.service.fonctionnel/src/main/resources
[INFO] Copying 22 resources
[INFO] 
[INFO] --- maven-compiler-plugin:3.3:compile (default-compile) @ likeRestServices ---
[INFO] Changes detected - recompiling the module!
[INFO] Compiling 8 source files to /home/soul/bootcamp/Review Release_1.3.0/clone/liketable.service.fonctionnel/target/classes
[INFO] 
[INFO] --- maven-resources-plugin:2.6:testResources (default-testResources) @ likeRestServices ---
[INFO] Using 'UTF-8' encoding to copy filtered resources.
[INFO] Copying 1 resource
[INFO] 
[INFO] --- maven-compiler-plugin:3.3:testCompile (default-testCompile) @ likeRestServices ---
[INFO] Changes detected - recompiling the module!
[INFO] Compiling 3 source files to /home/soul/bootcamp/Review Release_1.3.0/clone/liketable.service.fonctionnel/target/test-classes
[INFO] 
[INFO] <<< spring-boot-maven-plugin:1.5.3.RELEASE:run (default-cli) < test-compile @ likeRestServices <<<
[INFO] 
[INFO] --- spring-boot-maven-plugin:1.5.3.RELEASE:run (default-cli) @ likeRestServices ---

  .   ____          _            __ _ _
 /\\ / ___'_ __ _ _(_)_ __  __ _ \ \ \ \
( ( )\___ | '_ | '_| | '_ \/ _` | \ \ \ \
 \\/  ___)| |_)| | | | | || (_| |  ) ) ) )
  '  |____| .__|_| |_|_| |_\__, | / / / /
 =========|_|==============|___/=/_/_/_/
 :: Spring Boot ::        (v1.5.8.RELEASE)

[32m2017-12-18 22:13:14.459 WAT [background-preinit] o.h.v.i.u.Version INFO : HV000001: Hibernate Validator 5.3.5.Final
[m[32m2017-12-18 22:13:23.645 WAT [main] o.a.c.c.StandardService INFO : Starting service [Tomcat]
[m[32m2017-12-18 22:13:23.651 WAT [main] o.a.c.c.StandardEngine INFO : Starting Servlet Engine: Apache Tomcat/8.5.23
[m[32m2017-12-18 22:13:24.138 WAT [localhost-startStop-1] o.a.c.c.C.[.[.[/like] INFO : Initializing Spring embedded WebApplicationContext
[m[32m2017-12-18 22:13:33.310 WAT [main] s.d.s.w.p.DocumentationPluginsBootstrapper INFO : Context refreshed
[m[32m2017-12-18 22:13:33.408 WAT [main] s.d.s.w.p.DocumentationPluginsBootstrapper INFO : Found 1 custom documentation plugin(s)
[m[32m2017-12-18 22:13:33.464 WAT [main] s.d.s.w.s.ApiListingReferenceScanner INFO : Scanning for api listing references
[m[32m2017-12-18 22:13:34.345 WAT [main] o.a.c.h.Http11NioProtocol INFO : Initializing ProtocolHandler ["http-nio-8085"]
[m[32m2017-12-18 22:13:34.441 WAT [main] o.a.c.h.Http11NioProtocol INFO : Starting ProtocolHandler ["http-nio-8085"]
[m[32m2017-12-18 22:13:34.647 WAT [main] o.a.t.u.n.NioSelectorPool INFO : Using a shared selector for servlet write/read
[m