[32m2017-12-07 17:46:26.000 WAT [main] c.b.a.Application INFO : Starting Application on rintioInstitute1 with PID 17891 (/Release_1.2.0/liketable.service.fonctionnel/target/classes started by root in /Release_1.2.0/liketable.service.fonctionnel)
[m[32m2017-12-07 17:46:26.001 WAT [main] c.b.a.Application DEBUG: Running with Spring Boot v1.5.8.RELEASE, Spring v4.3.12.RELEASE
[m[32m2017-12-07 17:46:26.001 WAT [main] c.b.a.Application INFO : No active profile set, falling back to default profiles: default
[m[32m2017-12-07 17:46:26.348 WAT [main] o.s.b.c.e.AnnotationConfigEmbeddedWebApplicationContext INFO : Refreshing org.springframework.boot.context.embedded.AnnotationConfigEmbeddedWebApplicationContext@28684ccd: startup date [Thu Dec 07 17:46:26 WAT 2017]; root of context hierarchy
[m[32m2017-12-07 17:46:28.055 WAT [main] o.s.c.s.PostProcessorRegistrationDelegate$BeanPostProcessorChecker INFO : Bean 'org.springframework.cache.annotation.ProxyCachingConfiguration' of type [org.springframework.cache.annotation.ProxyCachingConfiguration$$EnhancerBySpringCGLIB$$ac8b3ea9] is not eligible for getting processed by all BeanPostProcessors (for example: not eligible for auto-proxying)
[m[32m2017-12-07 17:46:28.086 WAT [main] o.s.c.s.PostProcessorRegistrationDelegate$BeanPostProcessorChecker INFO : Bean 'org.springframework.boot.autoconfigure.cache.CacheAutoConfiguration' of type [org.springframework.boot.autoconfigure.cache.CacheAutoConfiguration$$EnhancerBySpringCGLIB$$a0ff034d] is not eligible for getting processed by all BeanPostProcessors (for example: not eligible for auto-proxying)
[m[32m2017-12-07 17:46:28.217 WAT [main] o.s.c.s.PostProcessorRegistrationDelegate$BeanPostProcessorChecker INFO : Bean 'spring.cache-org.springframework.boot.autoconfigure.cache.CacheProperties' of type [org.springframework.boot.autoconfigure.cache.CacheProperties] is not eligible for getting processed by all BeanPostProcessors (for example: not eligible for auto-proxying)
[m[32m2017-12-07 17:46:28.232 WAT [main] o.s.c.s.PostProcessorRegistrationDelegate$BeanPostProcessorChecker INFO : Bean 'cacheManagerCustomizers' of type [org.springframework.boot.autoconfigure.cache.CacheManagerCustomizers] is not eligible for getting processed by all BeanPostProcessors (for example: not eligible for auto-proxying)
[m[32m2017-12-07 17:46:28.258 WAT [main] o.s.c.s.PostProcessorRegistrationDelegate$BeanPostProcessorChecker INFO : Bean 'org.springframework.boot.autoconfigure.cache.SimpleCacheConfiguration' of type [org.springframework.boot.autoconfigure.cache.SimpleCacheConfiguration$$EnhancerBySpringCGLIB$$429a762e] is not eligible for getting processed by all BeanPostProcessors (for example: not eligible for auto-proxying)
[m[32m2017-12-07 17:46:28.270 WAT [main] o.s.c.s.PostProcessorRegistrationDelegate$BeanPostProcessorChecker INFO : Bean 'cacheManager' of type [org.springframework.cache.concurrent.ConcurrentMapCacheManager] is not eligible for getting processed by all BeanPostProcessors (for example: not eligible for auto-proxying)
[m[32m2017-12-07 17:46:28.271 WAT [main] o.s.c.s.PostProcessorRegistrationDelegate$BeanPostProcessorChecker INFO : Bean 'cacheAutoConfigurationValidator' of type [org.springframework.boot.autoconfigure.cache.CacheAutoConfiguration$CacheManagerValidator] is not eligible for getting processed by all BeanPostProcessors (for example: not eligible for auto-proxying)
[m[32m2017-12-07 17:46:28.763 WAT [main] o.s.b.c.e.t.TomcatEmbeddedServletContainer INFO : Tomcat initialized with port(s): 8081 (http)
[m[32m2017-12-07 17:46:28.897 WAT [localhost-startStop-1] o.s.w.c.ContextLoader INFO : Root WebApplicationContext: initialization completed in 2549 ms
[m[32m2017-12-07 17:46:29.172 WAT [localhost-startStop-1] o.s.b.w.s.ServletRegistrationBean INFO : Mapping servlet: 'dispatcherServlet' to [/]
[m[32m2017-12-07 17:46:29.177 WAT [localhost-startStop-1] o.s.b.w.s.FilterRegistrationBean INFO : Mapping filter: 'metricsFilter' to: [/*]
[m[32m2017-12-07 17:46:29.178 WAT [localhost-startStop-1] o.s.b.w.s.FilterRegistrationBean INFO : Mapping filter: 'characterEncodingFilter' to: [/*]
[m[32m2017-12-07 17:46:29.178 WAT [localhost-startStop-1] o.s.b.w.s.FilterRegistrationBean INFO : Mapping filter: 'webRequestLoggingFilter' to: [/*]
[m[32m2017-12-07 17:46:29.178 WAT [localhost-startStop-1] o.s.b.w.s.FilterRegistrationBean INFO : Mapping filter: 'applicationContextIdFilter' to: [/*]
[m[32m2017-12-07 17:46:29.785 WAT [main] o.s.w.s.m.m.a.RequestMappingHandlerMapping INFO : Mapped "{[/]}" onto public java.lang.String com.bootcamp.controllers.HomeController.index()
[m[32m2017-12-07 17:46:29.790 WAT [main] o.s.w.s.m.m.a.RequestMappingHandlerMapping INFO : Mapped "{[/likes/{entityType}/{entityId}],methods=[GET]}" onto public org.springframework.http.ResponseEntity<com.bootcamp.commons.ws.usecases.pivotone.LikeWS> com.bootcamp.controllers.LikeController.readByEntity(int,java.lang.String)
[m[32m2017-12-07 17:46:29.793 WAT [main] o.s.w.s.m.m.a.RequestMappingHandlerMapping INFO : Mapped "{[/likes/{id}],methods=[GET]}" onto public org.springframework.http.ResponseEntity<com.bootcamp.entities.LikeTable> com.bootcamp.controllers.LikeController.read(int)
[m[32m2017-12-07 17:46:29.793 WAT [main] o.s.w.s.m.m.a.RequestMappingHandlerMapping INFO : Mapped "{[/likes],methods=[POST]}" onto public org.springframework.http.ResponseEntity<java.lang.Integer> com.bootcamp.controllers.LikeController.create(com.bootcamp.entities.LikeTable)
[m[32m2017-12-07 17:46:29.795 WAT [main] o.s.w.s.m.m.a.RequestMappingHandlerMapping INFO : Mapped "{[/v2/api-docs],methods=[GET],produces=[application/json || application/hal+json]}" onto public org.springframework.http.ResponseEntity<springfox.documentation.spring.web.json.Json> springfox.documentation.swagger2.web.Swagger2Controller.getDocumentation(java.lang.String,javax.servlet.http.HttpServletRequest)
[m[32m2017-12-07 17:46:29.801 WAT [main] o.s.w.s.m.m.a.RequestMappingHandlerMapping INFO : Mapped "{[/swagger-resources]}" onto org.springframework.http.ResponseEntity<java.util.List<springfox.documentation.swagger.web.SwaggerResource>> springfox.documentation.swagger.web.ApiResourceController.swaggerResources()
[m[32m2017-12-07 17:46:29.802 WAT [main] o.s.w.s.m.m.a.RequestMappingHandlerMapping INFO : Mapped "{[/swagger-resources/configuration/ui]}" onto org.springframework.http.ResponseEntity<springfox.documentation.swagger.web.UiConfiguration> springfox.documentation.swagger.web.ApiResourceController.uiConfiguration()
[m[32m2017-12-07 17:46:29.803 WAT [main] o.s.w.s.m.m.a.RequestMappingHandlerMapping INFO : Mapped "{[/swagger-resources/configuration/security]}" onto org.springframework.http.ResponseEntity<springfox.documentation.swagger.web.SecurityConfiguration> springfox.documentation.swagger.web.ApiResourceController.securityConfiguration()
[m[32m2017-12-07 17:46:29.810 WAT [main] o.s.w.s.m.m.a.RequestMappingHandlerMapping INFO : Mapped "{[/error],produces=[text/html]}" onto public org.springframework.web.servlet.ModelAndView org.springframework.boot.autoconfigure.web.BasicErrorController.errorHtml(javax.servlet.http.HttpServletRequest,javax.servlet.http.HttpServletResponse)
[m[32m2017-12-07 17:46:29.811 WAT [main] o.s.w.s.m.m.a.RequestMappingHandlerMapping INFO : Mapped "{[/error]}" onto public org.springframework.http.ResponseEntity<java.util.Map<java.lang.String, java.lang.Object>> org.springframework.boot.autoconfigure.web.BasicErrorController.error(javax.servlet.http.HttpServletRequest)
[m[32m2017-12-07 17:46:30.179 WAT [main] o.s.b.a.e.m.EndpointHandlerMapping INFO : Mapped "{[/trace || /trace.json],methods=[GET],produces=[application/vnd.spring-boot.actuator.v1+json || application/json]}" onto public java.lang.Object org.springframework.boot.actuate.endpoint.mvc.EndpointMvcAdapter.invoke()
[m[32m2017-12-07 17:46:30.181 WAT [main] o.s.b.a.e.m.EndpointHandlerMapping INFO : Mapped "{[/auditevents || /auditevents.json],methods=[GET],produces=[application/vnd.spring-boot.actuator.v1+json || application/json]}" onto public org.springframework.http.ResponseEntity<?> org.springframework.boot.actuate.endpoint.mvc.AuditEventsMvcEndpoint.findByPrincipalAndAfterAndType(java.lang.String,java.util.Date,java.lang.String)
[m[32m2017-12-07 17:46:30.182 WAT [main] o.s.b.a.e.m.EndpointHandlerMapping INFO : Mapped "{[/configprops || /configprops.json],methods=[GET],produces=[application/vnd.spring-boot.actuator.v1+json || application/json]}" onto public java.lang.Object org.springframework.boot.actuate.endpoint.mvc.EndpointMvcAdapter.invoke()
[m[32m2017-12-07 17:46:30.183 WAT [main] o.s.b.a.e.m.EndpointHandlerMapping INFO : Mapped "{[/health || /health.json],methods=[GET],produces=[application/vnd.spring-boot.actuator.v1+json || application/json]}" onto public java.lang.Object org.springframework.boot.actuate.endpoint.mvc.HealthMvcEndpoint.invoke(javax.servlet.http.HttpServletRequest,java.security.Principal)
[m[32m2017-12-07 17:46:30.186 WAT [main] o.s.b.a.e.m.EndpointHandlerMapping INFO : Mapped "{[/metrics/{name:.*}],methods=[GET],produces=[application/vnd.spring-boot.actuator.v1+json || application/json]}" onto public java.lang.Object org.springframework.boot.actuate.endpoint.mvc.MetricsMvcEndpoint.value(java.lang.String)
[m[32m2017-12-07 17:46:30.186 WAT [main] o.s.b.a.e.m.EndpointHandlerMapping INFO : Mapped "{[/metrics || /metrics.json],methods=[GET],produces=[application/vnd.spring-boot.actuator.v1+json || application/json]}" onto public java.lang.Object org.springframework.boot.actuate.endpoint.mvc.EndpointMvcAdapter.invoke()
[m[32m2017-12-07 17:46:30.187 WAT [main] o.s.b.a.e.m.EndpointHandlerMapping INFO : Mapped "{[/mappings || /mappings.json],methods=[GET],produces=[application/vnd.spring-boot.actuator.v1+json || application/json]}" onto public java.lang.Object org.springframework.boot.actuate.endpoint.mvc.EndpointMvcAdapter.invoke()
[m[32m2017-12-07 17:46:30.190 WAT [main] o.s.b.a.e.m.EndpointHandlerMapping INFO : Mapped "{[/loggers/{name:.*}],methods=[GET],produces=[application/vnd.spring-boot.actuator.v1+json || application/json]}" onto public java.lang.Object org.springframework.boot.actuate.endpoint.mvc.LoggersMvcEndpoint.get(java.lang.String)
[m[32m2017-12-07 17:46:30.190 WAT [main] o.s.b.a.e.m.EndpointHandlerMapping INFO : Mapped "{[/loggers/{name:.*}],methods=[POST],consumes=[application/vnd.spring-boot.actuator.v1+json || application/json],produces=[application/vnd.spring-boot.actuator.v1+json || application/json]}" onto public java.lang.Object org.springframework.boot.actuate.endpoint.mvc.LoggersMvcEndpoint.set(java.lang.String,java.util.Map<java.lang.String, java.lang.String>)
[m[32m2017-12-07 17:46:30.191 WAT [main] o.s.b.a.e.m.EndpointHandlerMapping INFO : Mapped "{[/loggers || /loggers.json],methods=[GET],produces=[application/vnd.spring-boot.actuator.v1+json || application/json]}" onto public java.lang.Object org.springframework.boot.actuate.endpoint.mvc.EndpointMvcAdapter.invoke()
[m[32m2017-12-07 17:46:30.192 WAT [main] o.s.b.a.e.m.EndpointHandlerMapping INFO : Mapped "{[/dump || /dump.json],methods=[GET],produces=[application/vnd.spring-boot.actuator.v1+json || application/json]}" onto public java.lang.Object org.springframework.boot.actuate.endpoint.mvc.EndpointMvcAdapter.invoke()
[m[32m2017-12-07 17:46:30.193 WAT [main] o.s.b.a.e.m.EndpointHandlerMapping INFO : Mapped "{[/env/{name:.*}],methods=[GET],produces=[application/vnd.spring-boot.actuator.v1+json || application/json]}" onto public java.lang.Object org.springframework.boot.actuate.endpoint.mvc.EnvironmentMvcEndpoint.value(java.lang.String)
[m[32m2017-12-07 17:46:30.193 WAT [main] o.s.b.a.e.m.EndpointHandlerMapping INFO : Mapped "{[/env || /env.json],methods=[GET],produces=[application/vnd.spring-boot.actuator.v1+json || application/json]}" onto public java.lang.Object org.springframework.boot.actuate.endpoint.mvc.EndpointMvcAdapter.invoke()
[m[32m2017-12-07 17:46:30.194 WAT [main] o.s.b.a.e.m.EndpointHandlerMapping INFO : Mapped "{[/info || /info.json],methods=[GET],produces=[application/vnd.spring-boot.actuator.v1+json || application/json]}" onto public java.lang.Object org.springframework.boot.actuate.endpoint.mvc.EndpointMvcAdapter.invoke()
[m[32m2017-12-07 17:46:30.195 WAT [main] o.s.b.a.e.m.EndpointHandlerMapping INFO : Mapped "{[/heapdump || /heapdump.json],methods=[GET],produces=[application/octet-stream]}" onto public void org.springframework.boot.actuate.endpoint.mvc.HeapdumpMvcEndpoint.invoke(boolean,javax.servlet.http.HttpServletRequest,javax.servlet.http.HttpServletResponse) throws java.io.IOException,javax.servlet.ServletException
[m[32m2017-12-07 17:46:30.196 WAT [main] o.s.b.a.e.m.EndpointHandlerMapping INFO : Mapped "{[/beans || /beans.json],methods=[GET],produces=[application/vnd.spring-boot.actuator.v1+json || application/json]}" onto public java.lang.Object org.springframework.boot.actuate.endpoint.mvc.EndpointMvcAdapter.invoke()
[m[32m2017-12-07 17:46:30.197 WAT [main] o.s.b.a.e.m.EndpointHandlerMapping INFO : Mapped "{[/autoconfig || /autoconfig.json],methods=[GET],produces=[application/vnd.spring-boot.actuator.v1+json || application/json]}" onto public java.lang.Object org.springframework.boot.actuate.endpoint.mvc.EndpointMvcAdapter.invoke()
[m[32m2017-12-07 17:46:30.433 WAT [main] o.s.w.s.h.SimpleUrlHandlerMapping INFO : Mapped URL path [/swagger-ui.html] onto handler of type [class org.springframework.web.servlet.resource.ResourceHttpRequestHandler]
[m[32m2017-12-07 17:46:30.433 WAT [main] o.s.w.s.h.SimpleUrlHandlerMapping INFO : Mapped URL path [/webjars/**] onto handler of type [class org.springframework.web.servlet.resource.ResourceHttpRequestHandler]
[m[32m2017-12-07 17:46:30.481 WAT [main] o.s.w.s.m.m.a.RequestMappingHandlerAdapter INFO : Looking for @ControllerAdvice: org.springframework.boot.context.embedded.AnnotationConfigEmbeddedWebApplicationContext@28684ccd: startup date [Thu Dec 07 17:46:26 WAT 2017]; root of context hierarchy
[m[33m2017-12-07 17:46:31.137 WAT [main] o.s.b.a.t.AbstractTemplateResolverConfiguration WARN : Cannot find template location: classpath:/templates/ (please add some templates or check your Thymeleaf configuration)
[m[32m2017-12-07 17:46:31.238 WAT [main] o.s.j.e.a.AnnotationMBeanExporter INFO : Registering beans for JMX exposure on startup
[m[32m2017-12-07 17:46:31.244 WAT [main] o.s.b.a.e.j.EndpointMBeanExporter INFO : Registering beans for JMX exposure on startup
[m[32m2017-12-07 17:46:31.249 WAT [main] o.s.c.s.DefaultLifecycleProcessor INFO : Starting beans in phase 0
[m[32m2017-12-07 17:46:31.251 WAT [main] o.s.b.a.e.j.EndpointMBeanExporter INFO : Located managed bean 'auditEventsEndpoint': registering with JMX server as MBean [org.springframework.boot:type=Endpoint,name=auditEventsEndpoint]
[m[32m2017-12-07 17:46:31.269 WAT [main] o.s.b.a.e.j.EndpointMBeanExporter INFO : Located managed bean 'requestMappingEndpoint': registering with JMX server as MBean [org.springframework.boot:type=Endpoint,name=requestMappingEndpoint]
[m[32m2017-12-07 17:46:31.280 WAT [main] o.s.b.a.e.j.EndpointMBeanExporter INFO : Located managed bean 'environmentEndpoint': registering with JMX server as MBean [org.springframework.boot:type=Endpoint,name=environmentEndpoint]
[m[32m2017-12-07 17:46:31.286 WAT [main] o.s.b.a.e.j.EndpointMBeanExporter INFO : Located managed bean 'healthEndpoint': registering with JMX server as MBean [org.springframework.boot:type=Endpoint,name=healthEndpoint]
[m[32m2017-12-07 17:46:31.290 WAT [main] o.s.b.a.e.j.EndpointMBeanExporter INFO : Located managed bean 'beansEndpoint': registering with JMX server as MBean [org.springframework.boot:type=Endpoint,name=beansEndpoint]
[m[32m2017-12-07 17:46:31.294 WAT [main] o.s.b.a.e.j.EndpointMBeanExporter INFO : Located managed bean 'infoEndpoint': registering with JMX server as MBean [org.springframework.boot:type=Endpoint,name=infoEndpoint]
[m[32m2017-12-07 17:46:31.298 WAT [main] o.s.b.a.e.j.EndpointMBeanExporter INFO : Located managed bean 'loggersEndpoint': registering with JMX server as MBean [org.springframework.boot:type=Endpoint,name=loggersEndpoint]
[m[32m2017-12-07 17:46:31.305 WAT [main] o.s.b.a.e.j.EndpointMBeanExporter INFO : Located managed bean 'metricsEndpoint': registering with JMX server as MBean [org.springframework.boot:type=Endpoint,name=metricsEndpoint]
[m[32m2017-12-07 17:46:31.308 WAT [main] o.s.b.a.e.j.EndpointMBeanExporter INFO : Located managed bean 'traceEndpoint': registering with JMX server as MBean [org.springframework.boot:type=Endpoint,name=traceEndpoint]
[m[32m2017-12-07 17:46:31.311 WAT [main] o.s.b.a.e.j.EndpointMBeanExporter INFO : Located managed bean 'dumpEndpoint': registering with JMX server as MBean [org.springframework.boot:type=Endpoint,name=dumpEndpoint]
[m[32m2017-12-07 17:46:31.314 WAT [main] o.s.b.a.e.j.EndpointMBeanExporter INFO : Located managed bean 'autoConfigurationReportEndpoint': registering with JMX server as MBean [org.springframework.boot:type=Endpoint,name=autoConfigurationReportEndpoint]
[m[32m2017-12-07 17:46:31.317 WAT [main] o.s.b.a.e.j.EndpointMBeanExporter INFO : Located managed bean 'configurationPropertiesReportEndpoint': registering with JMX server as MBean [org.springframework.boot:type=Endpoint,name=configurationPropertiesReportEndpoint]
[m[32m2017-12-07 17:46:31.319 WAT [main] o.s.c.s.DefaultLifecycleProcessor INFO : Starting beans in phase 2147483647
[m[32m2017-12-07 17:46:31.576 WAT [main] o.s.b.c.e.t.TomcatEmbeddedServletContainer INFO : Tomcat started on port(s): 8081 (http)
[m[32m2017-12-07 17:46:31.583 WAT [main] c.b.a.Application INFO : Started Application in 5.843 seconds (JVM running for 9.684)
[m[32m2017-12-07 17:48:29.645 WAT [main] c.b.a.Application INFO : Starting Application on rintioInstitute1 with PID 18007 (/Release_1.2.0/liketable.service.fonctionnel/target/classes started by root in /Release_1.2.0/liketable.service.fonctionnel)
[m[32m2017-12-07 17:48:29.647 WAT [main] c.b.a.Application DEBUG: Running with Spring Boot v1.5.8.RELEASE, Spring v4.3.12.RELEASE
[m[32m2017-12-07 17:48:29.648 WAT [main] c.b.a.Application INFO : No active profile set, falling back to default profiles: default
[m[32m2017-12-07 17:48:30.213 WAT [main] o.s.b.c.e.AnnotationConfigEmbeddedWebApplicationContext INFO : Refreshing org.springframework.boot.context.embedded.AnnotationConfigEmbeddedWebApplicationContext@406f7620: startup date [Thu Dec 07 17:48:30 WAT 2017]; root of context hierarchy
[m[32m2017-12-07 17:48:32.518 WAT [main] o.s.c.s.PostProcessorRegistrationDelegate$BeanPostProcessorChecker INFO : Bean 'org.springframework.cache.annotation.ProxyCachingConfiguration' of type [org.springframework.cache.annotation.ProxyCachingConfiguration$$EnhancerBySpringCGLIB$$9b5ad9f] is not eligible for getting processed by all BeanPostProcessors (for example: not eligible for auto-proxying)
[m[32m2017-12-07 17:48:32.551 WAT [main] o.s.c.s.PostProcessorRegistrationDelegate$BeanPostProcessorChecker INFO : Bean 'org.springframework.boot.autoconfigure.cache.CacheAutoConfiguration' of type [org.springframework.boot.autoconfigure.cache.CacheAutoConfiguration$$EnhancerBySpringCGLIB$$fe297243] is not eligible for getting processed by all BeanPostProcessors (for example: not eligible for auto-proxying)
[m[32m2017-12-07 17:48:32.706 WAT [main] o.s.c.s.PostProcessorRegistrationDelegate$BeanPostProcessorChecker INFO : Bean 'spring.cache-org.springframework.boot.autoconfigure.cache.CacheProperties' of type [org.springframework.boot.autoconfigure.cache.CacheProperties] is not eligible for getting processed by all BeanPostProcessors (for example: not eligible for auto-proxying)
[m[32m2017-12-07 17:48:32.720 WAT [main] o.s.c.s.PostProcessorRegistrationDelegate$BeanPostProcessorChecker INFO : Bean 'cacheManagerCustomizers' of type [org.springframework.boot.autoconfigure.cache.CacheManagerCustomizers] is not eligible for getting processed by all BeanPostProcessors (for example: not eligible for auto-proxying)
[m[32m2017-12-07 17:48:32.724 WAT [main] o.s.c.s.PostProcessorRegistrationDelegate$BeanPostProcessorChecker INFO : Bean 'org.springframework.boot.autoconfigure.cache.SimpleCacheConfiguration' of type [org.springframework.boot.autoconfigure.cache.SimpleCacheConfiguration$$EnhancerBySpringCGLIB$$9fc4e524] is not eligible for getting processed by all BeanPostProcessors (for example: not eligible for auto-proxying)
[m[32m2017-12-07 17:48:32.735 WAT [main] o.s.c.s.PostProcessorRegistrationDelegate$BeanPostProcessorChecker INFO : Bean 'cacheManager' of type [org.springframework.cache.concurrent.ConcurrentMapCacheManager] is not eligible for getting processed by all BeanPostProcessors (for example: not eligible for auto-proxying)
[m[32m2017-12-07 17:48:32.736 WAT [main] o.s.c.s.PostProcessorRegistrationDelegate$BeanPostProcessorChecker INFO : Bean 'cacheAutoConfigurationValidator' of type [org.springframework.boot.autoconfigure.cache.CacheAutoConfiguration$CacheManagerValidator] is not eligible for getting processed by all BeanPostProcessors (for example: not eligible for auto-proxying)
[m[32m2017-12-07 17:48:33.394 WAT [main] o.s.b.c.e.t.TomcatEmbeddedServletContainer INFO : Tomcat initialized with port(s): 8085 (http)
[m[32m2017-12-07 17:48:33.577 WAT [localhost-startStop-1] o.s.w.c.ContextLoader INFO : Root WebApplicationContext: initialization completed in 3364 ms
[m[32m2017-12-07 17:48:33.780 WAT [localhost-startStop-1] o.s.b.w.s.ServletRegistrationBean INFO : Mapping servlet: 'dispatcherServlet' to [/]
[m[32m2017-12-07 17:48:33.784 WAT [localhost-startStop-1] o.s.b.w.s.FilterRegistrationBean INFO : Mapping filter: 'metricsFilter' to: [/*]
[m[32m2017-12-07 17:48:33.785 WAT [localhost-startStop-1] o.s.b.w.s.FilterRegistrationBean INFO : Mapping filter: 'characterEncodingFilter' to: [/*]
[m[32m2017-12-07 17:48:33.785 WAT [localhost-startStop-1] o.s.b.w.s.FilterRegistrationBean INFO : Mapping filter: 'webRequestLoggingFilter' to: [/*]
[m[32m2017-12-07 17:48:33.785 WAT [localhost-startStop-1] o.s.b.w.s.FilterRegistrationBean INFO : Mapping filter: 'applicationContextIdFilter' to: [/*]
[m[32m2017-12-07 17:48:34.264 WAT [main] o.s.w.s.m.m.a.RequestMappingHandlerMapping INFO : Mapped "{[/]}" onto public java.lang.String com.bootcamp.controllers.HomeController.index()
[m[32m2017-12-07 17:48:34.267 WAT [main] o.s.w.s.m.m.a.RequestMappingHandlerMapping INFO : Mapped "{[/likes/{entityType}/{entityId}],methods=[GET]}" onto public org.springframework.http.ResponseEntity<com.bootcamp.commons.ws.usecases.pivotone.LikeWS> com.bootcamp.controllers.LikeController.readByEntity(int,java.lang.String)
[m[32m2017-12-07 17:48:34.269 WAT [main] o.s.w.s.m.m.a.RequestMappingHandlerMapping INFO : Mapped "{[/likes/{id}],methods=[GET]}" onto public org.springframework.http.ResponseEntity<com.bootcamp.entities.LikeTable> com.bootcamp.controllers.LikeController.read(int)
[m[32m2017-12-07 17:48:34.269 WAT [main] o.s.w.s.m.m.a.RequestMappingHandlerMapping INFO : Mapped "{[/likes],methods=[POST]}" onto public org.springframework.http.ResponseEntity<java.lang.Integer> com.bootcamp.controllers.LikeController.create(com.bootcamp.entities.LikeTable)
[m[32m2017-12-07 17:48:34.270 WAT [main] o.s.w.s.m.m.a.RequestMappingHandlerMapping INFO : Mapped "{[/v2/api-docs],methods=[GET],produces=[application/json || application/hal+json]}" onto public org.springframework.http.ResponseEntity<springfox.documentation.spring.web.json.Json> springfox.documentation.swagger2.web.Swagger2Controller.getDocumentation(java.lang.String,javax.servlet.http.HttpServletRequest)
[m[32m2017-12-07 17:48:34.275 WAT [main] o.s.w.s.m.m.a.RequestMappingHandlerMapping INFO : Mapped "{[/swagger-resources/configuration/ui]}" onto org.springframework.http.ResponseEntity<springfox.documentation.swagger.web.UiConfiguration> springfox.documentation.swagger.web.ApiResourceController.uiConfiguration()
[m[32m2017-12-07 17:48:34.275 WAT [main] o.s.w.s.m.m.a.RequestMappingHandlerMapping INFO : Mapped "{[/swagger-resources/configuration/security]}" onto org.springframework.http.ResponseEntity<springfox.documentation.swagger.web.SecurityConfiguration> springfox.documentation.swagger.web.ApiResourceController.securityConfiguration()
[m[32m2017-12-07 17:48:34.276 WAT [main] o.s.w.s.m.m.a.RequestMappingHandlerMapping INFO : Mapped "{[/swagger-resources]}" onto org.springframework.http.ResponseEntity<java.util.List<springfox.documentation.swagger.web.SwaggerResource>> springfox.documentation.swagger.web.ApiResourceController.swaggerResources()
[m[32m2017-12-07 17:48:34.282 WAT [main] o.s.w.s.m.m.a.RequestMappingHandlerMapping INFO : Mapped "{[/error],produces=[text/html]}" onto public org.springframework.web.servlet.ModelAndView org.springframework.boot.autoconfigure.web.BasicErrorController.errorHtml(javax.servlet.http.HttpServletRequest,javax.servlet.http.HttpServletResponse)
[m[32m2017-12-07 17:48:34.282 WAT [main] o.s.w.s.m.m.a.RequestMappingHandlerMapping INFO : Mapped "{[/error]}" onto public org.springframework.http.ResponseEntity<java.util.Map<java.lang.String, java.lang.Object>> org.springframework.boot.autoconfigure.web.BasicErrorController.error(javax.servlet.http.HttpServletRequest)
[m[32m2017-12-07 17:48:34.578 WAT [main] o.s.b.a.e.m.EndpointHandlerMapping INFO : Mapped "{[/heapdump || /heapdump.json],methods=[GET],produces=[application/octet-stream]}" onto public void org.springframework.boot.actuate.endpoint.mvc.HeapdumpMvcEndpoint.invoke(boolean,javax.servlet.http.HttpServletRequest,javax.servlet.http.HttpServletResponse) throws java.io.IOException,javax.servlet.ServletException
[m[32m2017-12-07 17:48:34.580 WAT [main] o.s.b.a.e.m.EndpointHandlerMapping INFO : Mapped "{[/autoconfig || /autoconfig.json],methods=[GET],produces=[application/vnd.spring-boot.actuator.v1+json || application/json]}" onto public java.lang.Object org.springframework.boot.actuate.endpoint.mvc.EndpointMvcAdapter.invoke()
[m[32m2017-12-07 17:48:34.580 WAT [main] o.s.b.a.e.m.EndpointHandlerMapping INFO : Mapped "{[/mappings || /mappings.json],methods=[GET],produces=[application/vnd.spring-boot.actuator.v1+json || application/json]}" onto public java.lang.Object org.springframework.boot.actuate.endpoint.mvc.EndpointMvcAdapter.invoke()
[m[32m2017-12-07 17:48:34.581 WAT [main] o.s.b.a.e.m.EndpointHandlerMapping INFO : Mapped "{[/beans || /beans.json],methods=[GET],produces=[application/vnd.spring-boot.actuator.v1+json || application/json]}" onto public java.lang.Object org.springframework.boot.actuate.endpoint.mvc.EndpointMvcAdapter.invoke()
[m[32m2017-12-07 17:48:34.583 WAT [main] o.s.b.a.e.m.EndpointHandlerMapping INFO : Mapped "{[/dump || /dump.json],methods=[GET],produces=[application/vnd.spring-boot.actuator.v1+json || application/json]}" onto public java.lang.Object org.springframework.boot.actuate.endpoint.mvc.EndpointMvcAdapter.invoke()
[m[32m2017-12-07 17:48:34.584 WAT [main] o.s.b.a.e.m.EndpointHandlerMapping INFO : Mapped "{[/info || /info.json],methods=[GET],produces=[application/vnd.spring-boot.actuator.v1+json || application/json]}" onto public java.lang.Object org.springframework.boot.actuate.endpoint.mvc.EndpointMvcAdapter.invoke()
[m[32m2017-12-07 17:48:34.586 WAT [main] o.s.b.a.e.m.EndpointHandlerMapping INFO : Mapped "{[/loggers/{name:.*}],methods=[GET],produces=[application/vnd.spring-boot.actuator.v1+json || application/json]}" onto public java.lang.Object org.springframework.boot.actuate.endpoint.mvc.LoggersMvcEndpoint.get(java.lang.String)
[m[32m2017-12-07 17:48:34.586 WAT [main] o.s.b.a.e.m.EndpointHandlerMapping INFO : Mapped "{[/loggers/{name:.*}],methods=[POST],consumes=[application/vnd.spring-boot.actuator.v1+json || application/json],produces=[application/vnd.spring-boot.actuator.v1+json || application/json]}" onto public java.lang.Object org.springframework.boot.actuate.endpoint.mvc.LoggersMvcEndpoint.set(java.lang.String,java.util.Map<java.lang.String, java.lang.String>)
[m[32m2017-12-07 17:48:34.586 WAT [main] o.s.b.a.e.m.EndpointHandlerMapping INFO : Mapped "{[/loggers || /loggers.json],methods=[GET],produces=[application/vnd.spring-boot.actuator.v1+json || application/json]}" onto public java.lang.Object org.springframework.boot.actuate.endpoint.mvc.EndpointMvcAdapter.invoke()
[m[32m2017-12-07 17:48:34.588 WAT [main] o.s.b.a.e.m.EndpointHandlerMapping INFO : Mapped "{[/env/{name:.*}],methods=[GET],produces=[application/vnd.spring-boot.actuator.v1+json || application/json]}" onto public java.lang.Object org.springframework.boot.actuate.endpoint.mvc.EnvironmentMvcEndpoint.value(java.lang.String)
[m[32m2017-12-07 17:48:34.588 WAT [main] o.s.b.a.e.m.EndpointHandlerMapping INFO : Mapped "{[/env || /env.json],methods=[GET],produces=[application/vnd.spring-boot.actuator.v1+json || application/json]}" onto public java.lang.Object org.springframework.boot.actuate.endpoint.mvc.EndpointMvcAdapter.invoke()
[m[32m2017-12-07 17:48:34.589 WAT [main] o.s.b.a.e.m.EndpointHandlerMapping INFO : Mapped "{[/auditevents || /auditevents.json],methods=[GET],produces=[application/vnd.spring-boot.actuator.v1+json || application/json]}" onto public org.springframework.http.ResponseEntity<?> org.springframework.boot.actuate.endpoint.mvc.AuditEventsMvcEndpoint.findByPrincipalAndAfterAndType(java.lang.String,java.util.Date,java.lang.String)
[m[32m2017-12-07 17:48:34.589 WAT [main] o.s.b.a.e.m.EndpointHandlerMapping INFO : Mapped "{[/configprops || /configprops.json],methods=[GET],produces=[application/vnd.spring-boot.actuator.v1+json || application/json]}" onto public java.lang.Object org.springframework.boot.actuate.endpoint.mvc.EndpointMvcAdapter.invoke()
[m[32m2017-12-07 17:48:34.590 WAT [main] o.s.b.a.e.m.EndpointHandlerMapping INFO : Mapped "{[/metrics/{name:.*}],methods=[GET],produces=[application/vnd.spring-boot.actuator.v1+json || application/json]}" onto public java.lang.Object org.springframework.boot.actuate.endpoint.mvc.MetricsMvcEndpoint.value(java.lang.String)
[m[32m2017-12-07 17:48:34.590 WAT [main] o.s.b.a.e.m.EndpointHandlerMapping INFO : Mapped "{[/metrics || /metrics.json],methods=[GET],produces=[application/vnd.spring-boot.actuator.v1+json || application/json]}" onto public java.lang.Object org.springframework.boot.actuate.endpoint.mvc.EndpointMvcAdapter.invoke()
[m[32m2017-12-07 17:48:34.591 WAT [main] o.s.b.a.e.m.EndpointHandlerMapping INFO : Mapped "{[/trace || /trace.json],methods=[GET],produces=[application/vnd.spring-boot.actuator.v1+json || application/json]}" onto public java.lang.Object org.springframework.boot.actuate.endpoint.mvc.EndpointMvcAdapter.invoke()
[m[32m2017-12-07 17:48:34.591 WAT [main] o.s.b.a.e.m.EndpointHandlerMapping INFO : Mapped "{[/health || /health.json],methods=[GET],produces=[application/vnd.spring-boot.actuator.v1+json || application/json]}" onto public java.lang.Object org.springframework.boot.actuate.endpoint.mvc.HealthMvcEndpoint.invoke(javax.servlet.http.HttpServletRequest,java.security.Principal)
[m[32m2017-12-07 17:48:35.281 WAT [main] o.s.w.s.h.SimpleUrlHandlerMapping INFO : Mapped URL path [/swagger-ui.html] onto handler of type [class org.springframework.web.servlet.resource.ResourceHttpRequestHandler]
[m[32m2017-12-07 17:48:35.281 WAT [main] o.s.w.s.h.SimpleUrlHandlerMapping INFO : Mapped URL path [/webjars/**] onto handler of type [class org.springframework.web.servlet.resource.ResourceHttpRequestHandler]
[m[32m2017-12-07 17:48:35.466 WAT [main] o.s.w.s.m.m.a.RequestMappingHandlerAdapter INFO : Looking for @ControllerAdvice: org.springframework.boot.context.embedded.AnnotationConfigEmbeddedWebApplicationContext@406f7620: startup date [Thu Dec 07 17:48:30 WAT 2017]; root of context hierarchy
[m[33m2017-12-07 17:48:36.920 WAT [main] o.s.b.a.t.AbstractTemplateResolverConfiguration WARN : Cannot find template location: classpath:/templates/ (please add some templates or check your Thymeleaf configuration)
[m[32m2017-12-07 17:48:37.113 WAT [main] o.s.j.e.a.AnnotationMBeanExporter INFO : Registering beans for JMX exposure on startup
[m[32m2017-12-07 17:48:37.129 WAT [main] o.s.b.a.e.j.EndpointMBeanExporter INFO : Registering beans for JMX exposure on startup
[m[32m2017-12-07 17:48:37.134 WAT [main] o.s.c.s.DefaultLifecycleProcessor INFO : Starting beans in phase 0
[m[32m2017-12-07 17:48:37.136 WAT [main] o.s.b.a.e.j.EndpointMBeanExporter INFO : Located managed bean 'auditEventsEndpoint': registering with JMX server as MBean [org.springframework.boot:type=Endpoint,name=auditEventsEndpoint]
[m[32m2017-12-07 17:48:37.242 WAT [main] o.s.b.a.e.j.EndpointMBeanExporter INFO : Located managed bean 'requestMappingEndpoint': registering with JMX server as MBean [org.springframework.boot:type=Endpoint,name=requestMappingEndpoint]
[m[32m2017-12-07 17:48:37.257 WAT [main] o.s.b.a.e.j.EndpointMBeanExporter INFO : Located managed bean 'environmentEndpoint': registering with JMX server as MBean [org.springframework.boot:type=Endpoint,name=environmentEndpoint]
[m[32m2017-12-07 17:48:37.262 WAT [main] o.s.b.a.e.j.EndpointMBeanExporter INFO : Located managed bean 'healthEndpoint': registering with JMX server as MBean [org.springframework.boot:type=Endpoint,name=healthEndpoint]
[m[32m2017-12-07 17:48:37.274 WAT [main] o.s.b.a.e.j.EndpointMBeanExporter INFO : Located managed bean 'beansEndpoint': registering with JMX server as MBean [org.springframework.boot:type=Endpoint,name=beansEndpoint]
[m[32m2017-12-07 17:48:37.277 WAT [main] o.s.b.a.e.j.EndpointMBeanExporter INFO : Located managed bean 'infoEndpoint': registering with JMX server as MBean [org.springframework.boot:type=Endpoint,name=infoEndpoint]
[m[32m2017-12-07 17:48:37.287 WAT [main] o.s.b.a.e.j.EndpointMBeanExporter INFO : Located managed bean 'loggersEndpoint': registering with JMX server as MBean [org.springframework.boot:type=Endpoint,name=loggersEndpoint]
[m[32m2017-12-07 17:48:37.296 WAT [main] o.s.b.a.e.j.EndpointMBeanExporter INFO : Located managed bean 'metricsEndpoint': registering with JMX server as MBean [org.springframework.boot:type=Endpoint,name=metricsEndpoint]
[m[32m2017-12-07 17:48:37.299 WAT [main] o.s.b.a.e.j.EndpointMBeanExporter INFO : Located managed bean 'traceEndpoint': registering with JMX server as MBean [org.springframework.boot:type=Endpoint,name=traceEndpoint]
[m[32m2017-12-07 17:48:37.311 WAT [main] o.s.b.a.e.j.EndpointMBeanExporter INFO : Located managed bean 'dumpEndpoint': registering with JMX server as MBean [org.springframework.boot:type=Endpoint,name=dumpEndpoint]
[m[32m2017-12-07 17:48:37.315 WAT [main] o.s.b.a.e.j.EndpointMBeanExporter INFO : Located managed bean 'autoConfigurationReportEndpoint': registering with JMX server as MBean [org.springframework.boot:type=Endpoint,name=autoConfigurationReportEndpoint]
[m[32m2017-12-07 17:48:37.317 WAT [main] o.s.b.a.e.j.EndpointMBeanExporter INFO : Located managed bean 'configurationPropertiesReportEndpoint': registering with JMX server as MBean [org.springframework.boot:type=Endpoint,name=configurationPropertiesReportEndpoint]
[m[32m2017-12-07 17:48:37.326 WAT [main] o.s.c.s.DefaultLifecycleProcessor INFO : Starting beans in phase 2147483647
[m[32m2017-12-07 17:48:37.860 WAT [main] o.s.b.c.e.t.TomcatEmbeddedServletContainer INFO : Tomcat started on port(s): 8085 (http)
[m[32m2017-12-07 17:48:37.881 WAT [main] c.b.a.Application INFO : Started Application in 8.613 seconds (JVM running for 12.998)
[m